0.000000000000000000e+00 5.000000000000000000e+00
1.282565130260520936e-01 8.000000000000000000e+00
2.565130260521041872e-01 2.200000000000000000e+01
3.847695390781562530e-01 3.300000000000000000e+01
5.130260521042083743e-01 4.000000000000000000e+01
6.412825651302604957e-01 7.500000000000000000e+01
7.695390781563125060e-01 1.520000000000000000e+02
8.977955911823646273e-01 2.250000000000000000e+02
1.026052104208416749e+00 3.000000000000000000e+02
1.154308617234468759e+00 3.820000000000000000e+02
1.282565130260520991e+00 4.530000000000000000e+02
1.410821643286573002e+00 4.680000000000000000e+02
1.539078156312625012e+00 5.110000000000000000e+02
1.667334669338677244e+00 5.280000000000000000e+02
1.795591182364729255e+00 5.460000000000000000e+02
1.923847695390781487e+00 5.280000000000000000e+02
2.052104208416833497e+00 5.270000000000000000e+02
2.180360721442885730e+00 5.460000000000000000e+02
2.308617234468937518e+00 5.380000000000000000e+02
2.436873747494989750e+00 5.370000000000000000e+02
2.565130260521041983e+00 5.190000000000000000e+02
2.693386773547093771e+00 4.850000000000000000e+02
2.821643286573146003e+00 4.690000000000000000e+02
2.949899799599198236e+00 4.870000000000000000e+02
3.078156312625250024e+00 5.110000000000000000e+02
3.206412825651302256e+00 5.280000000000000000e+02
3.334669338677354489e+00 5.290000000000000000e+02
3.462925851703406721e+00 5.230000000000000000e+02
3.591182364729458509e+00 5.290000000000000000e+02
3.719438877755510742e+00 5.210000000000000000e+02
